<?xml version="1.0" encoding="UTF-8"?>
<!-- Generated by org.testng.reporters.JUnitXMLReporter -->
<testsuite hostname="Neils-MacBook-Pro.local" ignored="3" name=" Smoke Test" tests="1" failures="0" timestamp="2020-09-20T16:14:08 PDT" time="5.919" errors="0">
  <testcase name="validLogin" time="1.859" classname="com.hrms.testcases.LoginTest"/>
  <testcase name="addEmployee" time="0.0" classname="com.hrms.testcases.AddEmployeeTest">
    <ignored/>
  </testcase> <!-- addEmployee -->
  <testcase name="addMultipleEmployees" time="0.0" classname="com.hrms.testcases.AddEmployeeTest">
    <ignored/>
  </testcase> <!-- addMultipleEmployees -->
  <testcase name="inValidLogin" time="0.0" classname="com.hrms.testcases.LoginTest">
    <ignored/>
  </testcase> <!-- inValidLogin -->
</testsuite> <!--  Smoke Test -->
